<?xml version="1.0" encoding="UTF-8"?>
<!-- Generated by org.testng.reporters.JUnitReportReporter -->
<testsuite hostname="DESKTOP-D5LO8TI" failures="0" tests="4" name="testCases.TC003_DataDriven_LoginTest" time="26.186" errors="0" timestamp="2025-01-01T11:21:34 IST" skipped="0">
  <testcase classname="testCases.TC003_DataDriven_LoginTest" name="VerifyLogin" time="11.153"/>
  <testcase classname="testCases.TC003_DataDriven_LoginTest" name="VerifyLogin" time="11.171"/>
  <testcase classname="testCases.TC003_DataDriven_LoginTest" name="VerifyLogin" time="2.045"/>
  <testcase classname="testCases.TC003_DataDriven_LoginTest" name="VerifyLogin" time="1.817"/>
</testsuite> <!-- testCases.TC003_DataDriven_LoginTest -->
