<?xml version="1.0" encoding="UTF-8"?>
<!-- Generated by org.testng.reporters.JUnitReportReporter -->
<testsuite hostname="DESKTOP-D5LO8TI" failures="0" tests="1" name="testCases.TC001_AccountRegistrationTest" time="2.515" errors="0" timestamp="2025-01-08T12:07:35 IST" skipped="0">
  <testcase classname="testCases.TC001_AccountRegistrationTest" name="VerifyAccountRegistration" time="2.515"/>
</testsuite> <!-- testCases.TC001_AccountRegistrationTest -->
