<?xml version="1.0" encoding="UTF-8"?>
<!-- Generated by org.testng.reporters.JUnitReportReporter -->
<testsuite hostname="DESKTOP-D5LO8TI" failures="0" tests="1" name="testCases.TC002_LoginTest" time="2.281" errors="0" timestamp="2025-01-08T12:07:35 IST" skipped="0">
  <testcase classname="testCases.TC002_LoginTest" name="VerifyLogin" time="2.281"/>
</testsuite> <!-- testCases.TC002_LoginTest -->
